2025-07-23T23:30:29.364+05:30  INFO 20204 --- [order-service] [main] [                                                 ] c.ecommerce.order.OrderApplicationTests  : Starting OrderApplicationTests using Java 21.0.7 with PID 20204 (started by ABIJITH in C:\Users\ABIJITH\Desktop\microservice\order)
2025-07-23T23:30:29.369+05:30  INFO 20204 --- [order-service] [main] [                                                 ] c.ecommerce.order.OrderApplicationTests  : No active profile set, falling back to 1 default profile: "default"
2025-07-23T23:30:29.433+05:30  INFO 20204 --- [order-service] [main] [                                                 ] o.s.c.c.c.ConfigServerConfigDataLoader   : Fetching config from server at : http://localhost:8888
2025-07-23T23:30:29.436+05:30  INFO 20204 --- [order-service] [main] [                                                 ] o.s.c.c.c.ConfigServerConfigDataLoader   : Located environment: name=order-service, profiles=[default], label=null, version=null, state=null
2025-07-23T23:30:33.749+05:30  INFO 20204 --- [order-service] [main] [                                                 ] .s.d.r.c.RepositoryConfigurationDelegate : Bootstrapping Spring Data JPA repositories in DEFAULT mode.
2025-07-23T23:30:34.245+05:30  INFO 20204 --- [order-service] [main] [                                                 ] .s.d.r.c.RepositoryConfigurationDelegate : Finished Spring Data repository scanning in 404 ms. Found 2 JPA repository interfaces.
2025-07-23T23:30:35.319+05:30  INFO 20204 --- [order-service] [main] [                                                 ] faultConfiguringBeanFactoryPostProcessor : No bean named 'errorChannel' has been explicitly defined. Therefore, a default PublishSubscribeChannel will be created.
2025-07-23T23:30:35.330+05:30  INFO 20204 --- [order-service] [main] [                                                 ] faultConfiguringBeanFactoryPostProcessor : No bean named 'integrationHeaderChannelRegistry' has been explicitly defined. Therefore, a default DefaultHeaderChannelRegistry will be created.
2025-07-23T23:30:35.886+05:30  INFO 20204 --- [order-service] [main] [                                                 ] o.s.cloud.context.scope.GenericScope     : BeanFactory id=a6ad702a-a199-319e-853a-f7d520236ef2
2025-07-23T23:30:38.390+05:30  INFO 20204 --- [order-service] [main] [                                                 ] com.zaxxer.hikari.HikariDataSource       : HikariPool-1 - Starting...
2025-07-23T23:30:39.283+05:30  INFO 20204 --- [order-service] [main] [                                                 ] com.zaxxer.hikari.pool.HikariPool        : HikariPool-1 - Added connection org.postgresql.jdbc.PgConnection@b53ce18
2025-07-23T23:30:39.292+05:30  INFO 20204 --- [order-service] [main] [                                                 ] com.zaxxer.hikari.HikariDataSource       : HikariPool-1 - Start completed.
2025-07-23T23:30:39.377+05:30  INFO 20204 --- [order-service] [main] [                                                 ] o.hibernate.jpa.internal.util.LogHelper  : HHH000204: Processing PersistenceUnitInfo [name: default]
2025-07-23T23:30:39.665+05:30  INFO 20204 --- [order-service] [main] [                                                 ] org.hibernate.Version                    : HHH000412: Hibernate ORM core version 6.6.18.Final
2025-07-23T23:30:39.715+05:30  INFO 20204 --- [order-service] [main] [                                                 ] o.h.c.internal.RegionFactoryInitiator    : HHH000026: Second-level cache disabled
2025-07-23T23:30:40.188+05:30  INFO 20204 --- [order-service] [main] [                                                 ] o.s.o.j.p.SpringPersistenceUnitInfo      : No LoadTimeWeaver setup: ignoring JPA class transformer
2025-07-23T23:30:40.352+05:30  INFO 20204 --- [order-service] [main] [                                                 ] org.hibernate.orm.connections.pooling    : HHH10001005: Database info:
	Database JDBC URL [Connecting through datasource 'HikariDataSource (HikariPool-1)']
	Database driver: undefined/unknown
	Database version: 15.13
	Autocommit mode: undefined/unknown
	Isolation level: undefined/unknown
	Minimum pool size: undefined/unknown
	Maximum pool size: undefined/unknown
2025-07-23T23:30:42.035+05:30  INFO 20204 --- [order-service] [main] [                                                 ] o.h.e.t.j.p.i.JtaPlatformInitiator       : HHH000489: No JTA platform available (set 'hibernate.transaction.jta.platform' to enable JTA platform integration)
2025-07-23T23:30:42.040+05:30  INFO 20204 --- [order-service] [main] [                                                 ] j.LocalContainerEntityManagerFactoryBean : Initialized JPA EntityManagerFactory for persistence unit 'default'
2025-07-23T23:30:47.245+05:30  WARN 20204 --- [order-service] [main] [                                                 ] JpaBaseConfiguration$JpaWebConfiguration : spring.jpa.open-in-view is enabled by default. Therefore, database queries may be performed during view rendering. Explicitly configure spring.jpa.open-in-view to disable this warning
2025-07-23T23:30:51.120+05:30  WARN 20204 --- [order-service] [main] [                                                 ] c.f.c.c.BeanFactoryAwareFunctionRegistry : Failed to locate function 'busConsumer' for function definition 'busConsumer'. Returning null.
2025-07-23T23:30:51.254+05:30  INFO 20204 --- [order-service] [main] [                                                 ] o.s.c.s.m.DirectWithAttributesChannel    : Channel 'order-service.springCloudBusInput' has 1 subscriber(s).
2025-07-23T23:30:52.003+05:30  INFO 20204 --- [order-service] [main] [                                                 ] DiscoveryClientOptionalArgsConfiguration : Eureka HTTP Client uses RestTemplate.
2025-07-23T23:30:52.155+05:30  WARN 20204 --- [order-service] [main] [                                                 ] iguration$LoadBalancerCaffeineWarnLogger : Spring Cloud LoadBalancer is currently working with the default cache. While this cache implementation is useful for development and tests, it's recommended to use Caffeine cache in production.You can switch to using Caffeine cache, by adding it and org.springframework.cache.caffeine.CaffeineCacheManager to the classpath.
2025-07-23T23:30:52.181+05:30  INFO 20204 --- [order-service] [main] [                                                 ] o.s.b.a.e.web.EndpointLinksResolver      : Exposing 34 endpoints beneath base path '/actuator'
2025-07-23T23:30:52.406+05:30  INFO 20204 --- [order-service] [main] [                                                 ] o.s.i.endpoint.EventDrivenConsumer       : Adding {logging-channel-adapter:_org.springframework.integration.errorLogger} as a subscriber to the 'errorChannel' channel
2025-07-23T23:30:52.407+05:30  INFO 20204 --- [order-service] [main] [                                                 ] o.s.i.channel.PublishSubscribeChannel    : Channel 'order-service.errorChannel' has 1 subscriber(s).
2025-07-23T23:30:52.408+05:30  INFO 20204 --- [order-service] [main] [                                                 ] o.s.i.endpoint.EventDrivenConsumer       : started bean '_org.springframework.integration.errorLogger'
2025-07-23T23:30:52.472+05:30  INFO 20204 --- [order-service] [main] [                                                 ] o.s.c.n.eureka.InstanceInfoFactory       : Setting initial instance status as: STARTING
2025-07-23T23:30:52.505+05:30  INFO 20204 --- [order-service] [main] [                                                 ] com.netflix.discovery.DiscoveryClient    : Initializing Eureka in region us-east-1
2025-07-23T23:30:52.509+05:30  INFO 20204 --- [order-service] [main] [                                                 ] c.n.d.s.r.aws.ConfigClusterResolver      : Resolving eureka endpoints via configuration
2025-07-23T23:30:52.519+05:30  INFO 20204 --- [order-service] [main] [                                                 ] com.netflix.discovery.DiscoveryClient    : Disable delta property : false
2025-07-23T23:30:52.519+05:30  INFO 20204 --- [order-service] [main] [                                                 ] com.netflix.discovery.DiscoveryClient    : Single vip registry refresh property : null
2025-07-23T23:30:52.519+05:30  INFO 20204 --- [order-service] [main] [                                                 ] com.netflix.discovery.DiscoveryClient    : Force full registry fetch : false
2025-07-23T23:30:52.519+05:30  INFO 20204 --- [order-service] [main] [                                                 ] com.netflix.discovery.DiscoveryClient    : Application is null : false
2025-07-23T23:30:52.520+05:30  INFO 20204 --- [order-service] [main] [                                                 ] com.netflix.discovery.DiscoveryClient    : Registered Applications size is zero : true
2025-07-23T23:30:52.520+05:30  INFO 20204 --- [order-service] [main] [                                                 ] com.netflix.discovery.DiscoveryClient    : Application version is -1: true
2025-07-23T23:30:52.520+05:30  INFO 20204 --- [order-service] [main] [                                                 ] com.netflix.discovery.DiscoveryClient    : Getting all instance registry info from the eureka server
2025-07-23T23:30:52.750+05:30  INFO 20204 --- [order-service] [main] [                                                 ] com.netflix.discovery.DiscoveryClient    : The response status is 200
2025-07-23T23:30:52.753+05:30  INFO 20204 --- [order-service] [main] [                                                 ] com.netflix.discovery.DiscoveryClient    : Starting heartbeat executor: renew interval is: 30
2025-07-23T23:30:52.773+05:30  INFO 20204 --- [order-service] [main] [                                                 ] c.n.discovery.InstanceInfoReplicator     : InstanceInfoReplicator onDemand update allowed rate per min is 4
2025-07-23T23:30:52.775+05:30  INFO 20204 --- [order-service] [main] [                                                 ] com.netflix.discovery.DiscoveryClient    : Discovery Client initialized at timestamp 1753293652774 with initial instances count: 3
2025-07-23T23:30:52.805+05:30  INFO 20204 --- [order-service] [main] [                                                 ] o.s.c.n.e.s.EurekaServiceRegistry        : Registering application ORDER-SERVICE with eureka with status UP
2025-07-23T23:30:52.809+05:30  INFO 20204 --- [order-service] [main] [                                                 ] com.netflix.discovery.DiscoveryClient    : Saw local status change event StatusChangeEvent [timestamp=1753293652809, current=UP, previous=STARTING]
2025-07-23T23:30:52.813+05:30  INFO 20204 --- [order-service] [main] [                                                 ] o.s.c.s.binder.DefaultBinderFactory      : Creating binder: rabbit
2025-07-23T23:30:52.814+05:30  INFO 20204 --- [order-service] [main] [                                                 ] o.s.c.s.binder.DefaultBinderFactory      : Constructing binder child context for rabbit
2025-07-23T23:30:52.816+05:30  INFO 20204 --- [order-service] [DiscoveryClient-InstanceInfoReplicator-%d] [                                                 ] com.netflix.discovery.DiscoveryClient    : DiscoveryClient_ORDER-SERVICE/Abijith.mshome.net:order-service:8083: registering service...
2025-07-23T23:30:52.920+05:30  INFO 20204 --- [order-service] [DiscoveryClient-InstanceInfoReplicator-%d] [                                                 ] com.netflix.discovery.DiscoveryClient    : DiscoveryClient_ORDER-SERVICE/Abijith.mshome.net:order-service:8083 - registration status: 204
2025-07-23T23:30:53.118+05:30  INFO 20204 --- [order-service] [main] [                                                 ] o.s.c.s.binder.DefaultBinderFactory      : Caching the binder: rabbit
2025-07-23T23:30:53.140+05:30  INFO 20204 --- [order-service] [main] [                                                 ] c.s.b.r.p.RabbitExchangeQueueProvisioner : declaring queue for inbound: springCloudBus.anonymous.tLIh50xgRrifWC9-tRwiSQ, bound to: springCloudBus
2025-07-23T23:30:53.146+05:30  INFO 20204 --- [order-service] [main] [                                                 ] o.s.a.r.c.CachingConnectionFactory       : Attempting to connect to: [localhost:5672]
2025-07-23T23:30:53.212+05:30  INFO 20204 --- [order-service] [main] [                                                 ] o.s.a.r.c.CachingConnectionFactory       : Created new connection: rabbitConnectionFactory#4b145278:0/SimpleConnection@1882d998 [delegate=amqp://guest@127.0.0.1:5672/, localPort=58388]
2025-07-23T23:30:53.283+05:30  INFO 20204 --- [order-service] [main] [                                                 ] o.s.c.stream.binder.BinderErrorChannel   : Channel 'rabbit-51174214.springCloudBusInput.errors' has 1 subscriber(s).
2025-07-23T23:30:53.283+05:30  INFO 20204 --- [order-service] [main] [                                                 ] o.s.c.stream.binder.BinderErrorChannel   : Channel 'rabbit-51174214.springCloudBusInput.errors' has 2 subscriber(s).
2025-07-23T23:30:53.313+05:30  INFO 20204 --- [order-service] [main] [                                                 ] o.s.i.a.i.AmqpInboundChannelAdapter      : started bean 'inbound.springCloudBus.anonymous.tLIh50xgRrifWC9-tRwiSQ'
2025-07-23T23:30:53.403+05:30  INFO 20204 --- [order-service] [main] [                                                 ] c.ecommerce.order.OrderApplicationTests  : Started OrderApplicationTests in 25.889 seconds (process running for 28.446)
2025-07-23T23:30:54.399+05:30  INFO 20204 --- [order-service] [SpringApplicationShutdownHook] [                                                 ] o.s.c.n.e.s.EurekaServiceRegistry        : Unregistering application ORDER-SERVICE with eureka with status DOWN
2025-07-23T23:30:54.399+05:30  INFO 20204 --- [order-service] [SpringApplicationShutdownHook] [                                                 ] com.netflix.discovery.DiscoveryClient    : Saw local status change event StatusChangeEvent [timestamp=1753293654399, current=DOWN, previous=UP]
2025-07-23T23:30:54.400+05:30  INFO 20204 --- [order-service] [DiscoveryClient-InstanceInfoReplicator-%d] [                                                 ] com.netflix.discovery.DiscoveryClient    : DiscoveryClient_ORDER-SERVICE/Abijith.mshome.net:order-service:8083: registering service...
2025-07-23T23:30:54.406+05:30  INFO 20204 --- [order-service] [DiscoveryClient-InstanceInfoReplicator-%d] [                                                 ] com.netflix.discovery.DiscoveryClient    : DiscoveryClient_ORDER-SERVICE/Abijith.mshome.net:order-service:8083 - registration status: 204
2025-07-23T23:30:54.422+05:30  INFO 20204 --- [order-service] [SpringApplicationShutdownHook] [                                                 ] o.s.a.r.l.SimpleMessageListenerContainer : Waiting for workers to finish.
2025-07-23T23:30:55.338+05:30  INFO 20204 --- [order-service] [SpringApplicationShutdownHook] [                                                 ] o.s.a.r.l.SimpleMessageListenerContainer : Successfully waited for workers to finish.
2025-07-23T23:30:55.340+05:30  INFO 20204 --- [order-service] [SpringApplicationShutdownHook] [                                                 ] o.s.i.a.i.AmqpInboundChannelAdapter      : stopped bean 'inbound.springCloudBus.anonymous.tLIh50xgRrifWC9-tRwiSQ'
2025-07-23T23:30:55.360+05:30  INFO 20204 --- [order-service] [SpringApplicationShutdownHook] [                                                 ] o.s.c.stream.binder.BinderErrorChannel   : Channel 'order-service.rabbit-51174214.springCloudBusInput.errors' has 1 subscriber(s).
2025-07-23T23:30:55.363+05:30  INFO 20204 --- [order-service] [SpringApplicationShutdownHook] [                                                 ] o.s.c.stream.binder.BinderErrorChannel   : Channel 'order-service.rabbit-51174214.springCloudBusInput.errors' has 0 subscriber(s).
2025-07-23T23:30:55.434+05:30  INFO 20204 --- [order-service] [SpringApplicationShutdownHook] [                                                 ] o.s.i.endpoint.EventDrivenConsumer       : Removing {logging-channel-adapter:_org.springframework.integration.errorLogger} as a subscriber to the 'errorChannel' channel
2025-07-23T23:30:55.434+05:30  INFO 20204 --- [order-service] [SpringApplicationShutdownHook] [                                                 ] o.s.i.channel.PublishSubscribeChannel    : Channel 'order-service.errorChannel' has 0 subscriber(s).
2025-07-23T23:30:55.435+05:30  INFO 20204 --- [order-service] [SpringApplicationShutdownHook] [                                                 ] o.s.i.endpoint.EventDrivenConsumer       : stopped bean '_org.springframework.integration.errorLogger'
2025-07-23T23:30:55.449+05:30  INFO 20204 --- [order-service] [SpringApplicationShutdownHook] [                                                 ] j.LocalContainerEntityManagerFactoryBean : Closing JPA EntityManagerFactory for persistence unit 'default'
2025-07-23T23:30:55.451+05:30  INFO 20204 --- [order-service] [SpringApplicationShutdownHook] [                                                 ] com.zaxxer.hikari.HikariDataSource       : HikariPool-1 - Shutdown initiated...
2025-07-23T23:30:55.466+05:30  INFO 20204 --- [order-service] [SpringApplicationShutdownHook] [                                                 ] com.zaxxer.hikari.HikariDataSource       : HikariPool-1 - Shutdown completed.
2025-07-23T23:30:55.467+05:30  INFO 20204 --- [order-service] [SpringApplicationShutdownHook] [                                                 ] com.netflix.discovery.DiscoveryClient    : Shutting down DiscoveryClient ...
2025-07-23T23:30:58.483+05:30  INFO 20204 --- [order-service] [SpringApplicationShutdownHook] [                                                 ] com.netflix.discovery.DiscoveryClient    : Unregistering ...
2025-07-23T23:30:58.502+05:30  INFO 20204 --- [order-service] [SpringApplicationShutdownHook] [                                                 ] com.netflix.discovery.DiscoveryClient    : DiscoveryClient_ORDER-SERVICE/Abijith.mshome.net:order-service:8083 - deregister  status: 200
2025-07-23T23:30:58.503+05:30  INFO 20204 --- [order-service] [SpringApplicationShutdownHook] [                                                 ] com.netflix.discovery.DiscoveryClient    : Completed shut down of DiscoveryClient
